28/09/2009 13:43:45  timer stopped
28/09/2009 13:43:49  timer stopped
28/09/2009 13:43:52 Show Options
28/09/2009 13:43:52  timer stopped
28/09/2009 13:44:02 Options Cancelled
28/09/2009 13:44:02  next scheduled 28/09/2009 13:44:03
28/09/2009 13:44:03 Schedule starting
28/09/2009 13:44:03 Contacting ShipPlotter
28/09/2009 13:44:03 Total Message Count = 0
28/09/2009 13:44:03 Total Ships = 0
28/09/2009 13:44:03 [No Ships] next scheduled 28/09/2009 13:49:03
28/09/2009 13:44:03 Exit Scheduler 
28/09/2009 13:44:06 Show Options
28/09/2009 13:44:06 [No Ships] next scheduled 28/09/2009 13:49:03 cancelled
28/09/2009 13:44:11 Options Cancelled
28/09/2009 13:44:11 [No Ships] next scheduled 28/09/2009 13:49:03
28/09/2009 13:44:15 [No Ships] next scheduled 28/09/2009 13:49:03 cancelled
28/09/2009 13:44:25 [No Ships] timer stopped
28/09/2009 13:44:28 Show Options
28/09/2009 13:44:28 [No Ships] timer stopped
28/09/2009 13:50:05 Options Cancelled
28/09/2009 13:50:05 [No Ships] next scheduled 28/09/2009 13:50:05
28/09/2009 13:50:05 Schedule starting
28/09/2009 13:50:05 Contacting ShipPlotter
28/09/2009 13:50:05 Total Message Count = 0
28/09/2009 13:50:05 Total Ships = 0
28/09/2009 13:50:05 [No Ships] next scheduled 28/09/2009 13:55:05
28/09/2009 13:50:05 Exit Scheduler 
28/09/2009 13:55:05 Schedule starting
28/09/2009 13:55:05 Contacting ShipPlotter
28/09/2009 13:55:05 Total Message Count = 0
28/09/2009 13:55:05 Total Ships = 0
28/09/2009 13:55:05 [No Ships] next scheduled 28/09/2009 14:00:05
28/09/2009 13:55:05 Exit Scheduler 
28/09/2009 13:58:44 [No Ships] next scheduled 28/09/2009 14:00:05 cancelled
29/09/2009 16:00:41  Graph(1) Data(1) timer stopped
29/09/2009 16:00:49  Graph(1) Data(1) timer stopped
04/10/2009 11:54:44  Opening ShipPlotter Attempt 1[failed] timer stopped
